<?xml version="1.0" encoding="UTF-8"?>
<!-- Generated by org.testng.reporters.JUnitXMLReporter -->
<testsuite ignored="3" hostname="SSTDEVLT0010" failures="0" tests="1" name="Default test" time="46.592" errors="0" timestamp="2025-02-17T16:39:17 IST">
  <testcase classname="tests.pages_PHY.PHY_04_Administration_Edit_Test" name="editCOE_Test" time="2.804"/>
  <testcase classname="tests.pages_PHY.PHY_04_Administration_Edit_Test" name="VerifyUserRole_Test" time="0.0">
    <ignored/>
  </testcase> <!-- VerifyUserRole_Test -->
  <testcase classname="tests.pages_PHY.PHY_04_Administration_Edit_Test" name="VerifyButtonNav_Test" time="0.0">
    <ignored/>
  </testcase> <!-- VerifyButtonNav_Test -->
  <testcase classname="tests.pages_PHY.PHY_04_Administration_Edit_Test" name="VerifySearch_Test" time="0.0">
    <ignored/>
  </testcase> <!-- VerifySearch_Test -->
</testsuite> <!-- Default test -->
