<?xml version="1.0" encoding="UTF-8"?>
<!-- Generated by org.testng.reporters.JUnitXMLReporter -->
<testsuite ignored="0" hostname="SSTDEVLT0010" failures="1" tests="2" name="Default test" time="35.247" errors="0" timestamp="2025-02-14T10:10:34 IST">
  <testcase classname="tests.pages_PHY.PHY_01_Login_Process_Test" name="TestValidLogin" time="15.076">
    <failure type="com.microsoft.playwright.TimeoutError" message="Error {
  message=&amp;apos;Timeout 10000ms exceeded.
  name=&amp;apos;TimeoutError
  stack=&amp;apos;TimeoutError: Timeout 10000ms exceeded.
    at ProgressController.run (C:\Users\kaver\AppData\Local\Temp\playwright-java-2468281784567901877\package\lib\server\progress.js:87:26)
    at Frame.waitForSelector (C:\Users\kaver\AppData\Local\Temp\playwright-java-2468281784567901877\package\lib\server\frames.js:619:23)
    at FrameDispatcher.waitForSelector (C:\Users\kaver\AppData\Local\Temp\playwright-java-2468281784567901877\package\lib\server\dispatchers\frameDispatcher.js:106:103)
    at FrameDispatcher._handleCommand (C:\Users\kaver\AppData\Local\Temp\playwright-java-2468281784567901877\package\lib\server\dispatchers\dispatcher.js:94:40)
    at DispatcherConnection.dispatch (C:\Users\kaver\AppData\Local\Temp\playwright-java-2468281784567901877\package\lib\server\dispatchers\dispatcher.js:362:39)
}
Call log:
- waiting for locator(&amp;quot;//body/app-root/app-doctor-dashboard/app-header/nav/div/div[2]&amp;quot;) to be visible
">
      <![CDATA[com.microsoft.playwright.TimeoutError: Error {
  message='Timeout 10000ms exceeded.
  name='TimeoutError
  stack='TimeoutError: Timeout 10000ms exceeded.
    at ProgressController.run (C:\Users\kaver\AppData\Local\Temp\playwright-java-2468281784567901877\package\lib\server\progress.js:87:26)
    at Frame.waitForSelector (C:\Users\kaver\AppData\Local\Temp\playwright-java-2468281784567901877\package\lib\server\frames.js:619:23)
    at FrameDispatcher.waitForSelector (C:\Users\kaver\AppData\Local\Temp\playwright-java-2468281784567901877\package\lib\server\dispatchers\frameDispatcher.js:106:103)
    at FrameDispatcher._handleCommand (C:\Users\kaver\AppData\Local\Temp\playwright-java-2468281784567901877\package\lib\server\dispatchers\dispatcher.js:94:40)
    at DispatcherConnection.dispatch (C:\Users\kaver\AppData\Local\Temp\playwright-java-2468281784567901877\package\lib\server\dispatchers\dispatcher.js:362:39)
}
Call log:
- waiting for locator("//body/app-root/app-doctor-dashboard/app-header/nav/div/div[2]") to be visible

at com.microsoft.playwright.impl.WaitableResult.get(WaitableResult.java:52)
at com.microsoft.playwright.impl.ChannelOwner.runUntil(ChannelOwner.java:120)
at com.microsoft.playwright.impl.Connection.sendMessage(Connection.java:129)
at com.microsoft.playwright.impl.ChannelOwner.sendMessage(ChannelOwner.java:106)
at com.microsoft.playwright.impl.FrameImpl.waitForSelectorImpl(FrameImpl.java:1060)
at com.microsoft.playwright.impl.FrameImpl.waitForSelectorImpl(FrameImpl.java:1050)
at com.microsoft.playwright.impl.PageImpl.lambda$waitForSelector$92(PageImpl.java:1457)
at com.microsoft.playwright.impl.LoggingSupport.withLogging(LoggingSupport.java:47)
at com.microsoft.playwright.impl.ChannelOwner.withLogging(ChannelOwner.java:89)
at com.microsoft.playwright.impl.PageImpl.waitForSelector(PageImpl.java:1456)
at pages.LoginProcess.getElemrexLogo(LoginProcess.java:119)
at tests.pages_PHY.PHY_01_Login_Process_Test.TestValidLogin(PHY_01_Login_Process_Test.java:38)
at java.base/jdk.internal.reflect.NativeMethodAccessorImpl.invoke0(Native Method)
at java.base/jdk.internal.reflect.NativeMethodAccessorImpl.invoke(NativeMethodAccessorImpl.java:77)
at java.base/jdk.internal.reflect.DelegatingMethodAccessorImpl.invoke(DelegatingMethodAccessorImpl.java:43)
at java.base/java.lang.reflect.Method.invoke(Method.java:568)
at org.testng.internal.invokers.MethodInvocationHelper.invokeMethod(MethodInvocationHelper.java:141)
at org.testng.internal.invokers.TestInvoker.invokeMethod(TestInvoker.java:686)
at org.testng.internal.invokers.TestInvoker.invokeTestMethod(TestInvoker.java:230)
at org.testng.internal.invokers.MethodRunner.runInSequence(MethodRunner.java:63)
at org.testng.internal.invokers.TestInvoker$MethodInvocationAgent.invoke(TestInvoker.java:992)
at org.testng.internal.invokers.TestInvoker.invokeTestMethods(TestInvoker.java:203)
at org.testng.internal.invokers.TestMethodWorker.invokeTestMethods(TestMethodWorker.java:154)
at org.testng.internal.invokers.TestMethodWorker.run(TestMethodWorker.java:134)
at java.base/java.util.ArrayList.forEach(ArrayList.java:1511)
at org.testng.TestRunner.privateRun(TestRunner.java:739)
at org.testng.TestRunner.run(TestRunner.java:614)
at org.testng.SuiteRunner.runTest(SuiteRunner.java:421)
at org.testng.SuiteRunner.runSequentially(SuiteRunner.java:413)
at org.testng.SuiteRunner.privateRun(SuiteRunner.java:373)
at org.testng.SuiteRunner.run(SuiteRunner.java:312)
at org.testng.SuiteRunnerWorker.runSuite(SuiteRunnerWorker.java:52)
at org.testng.SuiteRunnerWorker.run(SuiteRunnerWorker.java:95)
at org.testng.TestNG.runSuitesSequentially(TestNG.java:1274)
at org.testng.TestNG.runSuitesLocally(TestNG.java:1208)
at org.testng.TestNG.runSuites(TestNG.java:1112)
at org.testng.TestNG.run(TestNG.java:1079)
at org.testng.remote.AbstractRemoteTestNG.run(AbstractRemoteTestNG.java:115)
at org.testng.remote.RemoteTestNG.initAndRun(RemoteTestNG.java:293)
at org.testng.remote.RemoteTestNG.main(RemoteTestNG.java:91)
Caused by: com.microsoft.playwright.TimeoutError: Error {
  message='Timeout 10000ms exceeded.
  name='TimeoutError
  stack='TimeoutError: Timeout 10000ms exceeded.
    at ProgressController.run (C:\Users\kaver\AppData\Local\Temp\playwright-java-2468281784567901877\package\lib\server\progress.js:87:26)
    at Frame.waitForSelector (C:\Users\kaver\AppData\Local\Temp\playwright-java-2468281784567901877\package\lib\server\frames.js:619:23)
    at FrameDispatcher.waitForSelector (C:\Users\kaver\AppData\Local\Temp\playwright-java-2468281784567901877\package\lib\server\dispatchers\frameDispatcher.js:106:103)
    at FrameDispatcher._handleCommand (C:\Users\kaver\AppData\Local\Temp\playwright-java-2468281784567901877\package\lib\server\dispatchers\dispatcher.js:94:40)
    at DispatcherConnection.dispatch (C:\Users\kaver\AppData\Local\Temp\playwright-java-2468281784567901877\package\lib\server\dispatchers\dispatcher.js:362:39)
}
Call log:
- waiting for locator("//body/app-root/app-doctor-dashboard/app-header/nav/div/div[2]") to be visible

at com.microsoft.playwright.impl.Connection.dispatch(Connection.java:252)
at com.microsoft.playwright.impl.Connection.processOneMessage(Connection.java:209)
at com.microsoft.playwright.impl.ChannelOwner.runUntil(ChannelOwner.java:118)
... 38 more
]]>
    </failure>
  </testcase> <!-- TestValidLogin -->
  <testcase classname="tests.pages_PHY.PHY_01_Login_Process_Test" name="TestUnsuccessfullogin" time="3.692"/>
</testsuite> <!-- Default test -->
