<?xml version="1.0" encoding="UTF-8"?>
<testng-results ignored="0" total="1" passed="1" failed="0" skipped="0">
  <reporter-output>
  </reporter-output>
  <suite started-at="2025-02-17T16:38:31 IST" name="Default suite" finished-at="2025-02-17T16:39:17 IST" duration-ms="46592">
    <groups>
    </groups>
    <test started-at="2025-02-17T16:38:31 IST" name="Default test" finished-at="2025-02-17T16:39:17 IST" duration-ms="46592">
      <class name="tests.pages_PHY.PHY_04_Administration_Edit_Test">
        <test-method is-config="true" signature="setUp()[pri:0, instance:tests.pages_PHY.PHY_04_Administration_Edit_Test@4fbda97b]" started-at="2025-02-17T16:38:31 IST" name="setUp" finished-at="2025-02-17T16:38:43 IST" duration-ms="12209" status="PASS">
          <reporter-output>
          </reporter-output>
        </test-method> <!-- setUp -->
        <test-method is-config="true" signature="appLoginSetup()[pri:0, instance:tests.pages_PHY.PHY_04_Administration_Edit_Test@4fbda97b]" started-at="2025-02-17T16:38:43 IST" name="appLoginSetup" finished-at="2025-02-17T16:39:09 IST" duration-ms="26215" status="PASS">
          <reporter-output>
          </reporter-output>
        </test-method> <!-- appLoginSetup -->
        <test-method signature="editCOE_Test()[pri:4, instance:tests.pages_PHY.PHY_04_Administration_Edit_Test@4fbda97b]" started-at="2025-02-17T16:39:09 IST" name="editCOE_Test" description="Edit COE Functionality Test" finished-at="2025-02-17T16:39:12 IST" duration-ms="2804" status="PASS">
          <reporter-output>
          </reporter-output>
        </test-method> <!-- editCOE_Test -->
        <test-method is-config="true" signature="tearDown(org.testng.ITestResult)[pri:0, instance:tests.pages_PHY.PHY_04_Administration_Edit_Test@4fbda97b]" started-at="2025-02-17T16:39:12 IST" name="tearDown" finished-at="2025-02-17T16:39:17 IST" duration-ms="4881" status="PASS">
          <params>
            <param index="0">
              <value>
                <![CDATA[[TestResult name=editCOE_Test status=SUCCESS method=PHY_04_Administration_Edit_Test.editCOE_Test()[pri:4, instance:tests.pages_PHY.PHY_04_Administration_Edit_Test@4fbda97b] output={null}]]]>
              </value>
            </param>
          </params>
          <reporter-output>
          </reporter-output>
        </test-method> <!-- tearDown -->
        <test-method is-config="true" signature="tearDownAll(org.testng.ITestContext)[pri:0, instance:tests.pages_PHY.PHY_04_Administration_Edit_Test@4fbda97b]" started-at="2025-02-17T16:39:17 IST" name="tearDownAll" finished-at="2025-02-17T16:39:17 IST" duration-ms="416" status="PASS">
          <params>
            <param index="0">
              <value>
                <![CDATA[org.testng.TestRunner@7573e12f]]>
              </value>
            </param>
          </params>
          <reporter-output>
          </reporter-output>
        </test-method> <!-- tearDownAll -->
      </class> <!-- tests.pages_PHY.PHY_04_Administration_Edit_Test -->
    </test> <!-- Default test -->
  </suite> <!-- Default suite -->
</testng-results>
